[10Dec2024 00:00:14.145] [User Authenticator #8/INFO] [net.minecraft.server.network.ServerLoginPacketListenerImpl/]: UUID of player Baeel is 23ae852c-c922-3caa-b42c-37a81d0fba1c
[10Dec2024 00:00:22.088] [Server thread/INFO] [net.minecraft.server.players.PlayerList/]: Baeel[/127.36.54.40:34333] logged in with entity id 473 at (323.67771807869065, 75.20000004768372, -40.64980095891288)
[10Dec2024 00:00:22.118] [Server thread/INFO] [Console/]: [§x+] Baeel Now we are 2 players.
[10Dec2024 00:00:22.123] [Server thread/INFO] [Console/]: [+] Baeel
[10Dec2024 00:00:22.180] [Server thread/INFO] [Jade/]: Syncing config to Baeel (23ae852c-c922-3caa-b42c-37a81d0fba1c)
[10Dec2024 00:00:22.912] [Server thread/INFO] [voicechat/]: [voicechat] Received secret request of Baeel (18)
[10Dec2024 00:00:22.912] [Server thread/INFO] [voicechat/]: [voicechat] Sent secret to Baeel
[10Dec2024 00:00:35.231] [VoiceChatPacketProcessingThread/INFO] [voicechat/]: [voicechat] Successfully authenticated player 23ae852c-c922-3caa-b42c-37a81d0fba1c
[10Dec2024 00:00:36.233] [VoiceChatPacketProcessingThread/INFO] [voicechat/]: [voicechat] Successfully validated connection of player 23ae852c-c922-3caa-b42c-37a81d0fba1c
[10Dec2024 00:00:36.233] [VoiceChatPacketProcessingThread/INFO] [voicechat/]: [voicechat] Player Baeel (23ae852c-c922-3caa-b42c-37a81d0fba1c) successfully connected to voice chat
[10Dec2024 00:00:48.427] [Server thread/INFO] [net.minecraft.server.network.ServerGamePacketListenerImpl/]: Baeel issued server command: /time set day
[10Dec2024 00:00:48.430] [Server thread/INFO] [net.minecraft.server.MinecraftServer/]: [Baeel: Set the time to 1000]
[10Dec2024 00:01:00.788] [Server thread/INFO] [net.minecraft.server.network.ServerGamePacketListenerImpl/]: Baeel issued server command: /gamemode survival
[10Dec2024 00:01:00.790] [Server thread/INFO] [net.minecraft.server.MinecraftServer/]: [Baeel: Set own game mode to Survival Mode]
[10Dec2024 00:01:11.013] [Server thread/INFO] [net.minecraft.server.MinecraftServer/]: ShirouFRG has made the advancement [Alex's Mobs]
[10Dec2024 00:01:14.713] [Async Chat Thread - #0/INFO] [Console/]: DOIMA ShirouFRG : con razon
[10Dec2024 00:01:19.079] [Async Chat Thread - #1/INFO] [Console/]: DOIMA Baeel : ola
[10Dec2024 00:01:21.108] [Async Chat Thread - #0/INFO] [Console/]: DOIMA ShirouFRG : ola
[10Dec2024 00:01:26.129] [Async Chat Thread - #0/INFO] [Console/]: DOIMA ShirouFRG : tenia q verificarme
[10Dec2024 00:01:33.125] [Async Chat Thread - #1/INFO] [Console/]: DOIMA Baeel : cmoasi
[10Dec2024 00:01:43.592] [Async Chat Thread - #1/INFO] [Console/]: DOIMA ShirouFRG : osea el advanced patch me hizo un captcha
[10Dec2024 00:01:48.796] [Async Chat Thread - #1/INFO] [Console/]: DOIMA ShirouFRG : chat*
[10Dec2024 00:01:49.240] [Async Chat Thread - #0/INFO] [Console/]: DOIMA Baeel : aaa
[10Dec2024 00:01:55.031] [Async Chat Thread - #0/INFO] [Console/]: DOIMA Baeel : jaksjaskj
[10Dec2024 00:02:08.549] [Async Chat Thread - #1/INFO] [Console/]: DOIMA Baeel : va bn el sv
[10Dec2024 00:02:16.933] [Async Chat Thread - #0/INFO] [Console/]: DOIMA ShirouFRG : concordoo
[10Dec2024 00:02:21.795] [Async Chat Thread - #1/INFO] [Console/]: DOIMA Baeel : y nora
[10Dec2024 00:02:30.246] [Async Chat Thread - #0/INFO] [Console/]: DOIMA ShirouFRG : you do not have permission to speak
[10Dec2024 00:02:32.035] [Async Chat Thread - #1/INFO] [Console/]: DOIMA ShirouFRG : el mc vc
[10Dec2024 00:02:38.274] [Server thread/INFO] [net.minecraft.server.network.ServerGamePacketListenerImpl/]: Baeel issued server command: /op ShirouFRG
[10Dec2024 00:02:38.283] [Server thread/INFO] [net.minecraft.server.MinecraftServer/]: [Baeel: Made ShirouFRG a server operator]
[10Dec2024 00:02:45.843] [Async Chat Thread - #0/INFO] [Console/]: DOIMA Baeel : yahora
[10Dec2024 00:02:55.436] [Async Chat Thread - #0/INFO] [Console/]: DOIMA ShirouFRG : ya
[10Dec2024 00:02:57.589] [Async Chat Thread - #0/INFO] [Console/]: DOIMA ShirouFRG : pero s escucha
[10Dec2024 00:02:58.913] [Async Chat Thread - #0/INFO] [Console/]: DOIMA ShirouFRG : o nao
[10Dec2024 00:03:05.968] [Async Chat Thread - #0/INFO] [Console/]: DOIMA Baeel : no t veo
[10Dec2024 00:03:16.176] [Async Chat Thread - #1/INFO] [Console/]: DOIMA Baeel : habla
[10Dec2024 00:03:33.908] [Async Chat Thread - #0/INFO] [Console/]: DOIMA Baeel : se te ve el icono pero no t escucho
[10Dec2024 00:03:56.249] [Async Chat Thread - #0/INFO] [Console/]: DOIMA Baeel : yaaaa
[10Dec2024 00:04:04.148] [Async Chat Thread - #0/INFO] [Console/]: DOIMA Baeel : aa
[10Dec2024 00:04:07.562] [Async Chat Thread - #0/INFO] [Console/]: DOIMA Baeel : AJJSAKJ
[10Dec2024 00:04:25.695] [Async Chat Thread - #1/INFO] [Console/]: DOIMA Baeel : los mobs estan nazis
[10Dec2024 00:06:08.052] [Async Chat Thread - #3/INFO] [Console/]: DOIMA Baeel : debe estar en sincelejo
[10Dec2024 00:07:19.366] [Async Chat Thread - #5/INFO] [Console/]: DOIMA ShirouFRG : q
[10Dec2024 00:07:25.084] [Async Chat Thread - #5/INFO] [Console/]: DOIMA Baeel : dq
[10Dec2024 00:07:58.899] [Async Chat Thread - #4/INFO] [Console/]: DOIMA Baeel : me sacó 3 coras
[10Dec2024 00:08:28.999] [Async Chat Thread - #4/INFO] [Console/]: DOIMA Baeel : aa
[10Dec2024 00:10:52.174] [Async Chat Thread - #7/INFO] [Console/]: DOIMA Baeel : q
[10Dec2024 00:11:13.011] [Server thread/INFO] [net.minecraft.server.MinecraftServer/]: Baeel has made the advancement [Stone Age]
[10Dec2024 00:11:23.994] [Async Chat Thread - #7/INFO] [Console/]: DOIMA Baeel : jskdajskdj no sabía q habia mod de bloodmoon
[10Dec2024 00:11:59.284] [Async Chat Thread - #8/INFO] [Console/]: DOIMA Baeel : cuanto de lana tienes
[10Dec2024 00:13:35.584] [Async Chat Thread - #10/INFO] [Console/]: DOIMA Baeel : ojoconlos ojos
[10Dec2024 00:14:04.365] [Async Chat Thread - #9/INFO] [Console/]: DOIMA Baeel : hazte un hacha
[10Dec2024 00:14:08.592] [Async Chat Thread - #9/INFO] [Console/]: DOIMA Baeel : q
[10Dec2024 00:14:18.566] [Server thread/INFO] [net.minecraft.server.MinecraftServer/]: ShirouFRG was slain by The Damned
[10Dec2024 00:14:18.567] [Server thread/INFO] [net.minecraft.server.MinecraftServer/]: ShirouFRG has made the advancement [Condemned To Die]
[10Dec2024 00:14:29.400] [Async Chat Thread - #10/INFO] [Console/]: DOIMA Baeel : NOJODA
[10Dec2024 00:15:35.009] [Server thread/INFO] [net.minecraft.server.MinecraftServer/]: ShirouFRG has made the advancement [Stone Age]
[10Dec2024 00:16:22.998] [Server thread/INFO] [net.minecraft.server.MinecraftServer/]: ShirouFRG has made the advancement [Getting an Upgrade]
[10Dec2024 00:19:09.571] [Async Chat Thread - #12/INFO] [Console/]: DOIMA Baeel : está amaneciando :pray:
[10Dec2024 00:20:02.111] [Server thread/INFO] [net.minecraft.server.MinecraftServer/]: Baeel has made the advancement [Getting an Upgrade]
[10Dec2024 00:20:31.734] [Server thread/INFO] [net.minecraft.server.MinecraftServer/]: Baeel hit the ground too hard
[10Dec2024 00:21:29.255] [Server thread/INFO] [com.lgow.endofherobrine.entity.herobrine.AbstractHerobrine/]: LURKER spawned at BlockPos{x=326, y=68, z=-89}
[10Dec2024 00:21:40.291] [Async Chat Thread - #14/INFO] [Console/]: DOIMA Baeel : será q luna aceptará unirse?
[10Dec2024 00:23:01.979] [Async Chat Thread - #16/INFO] [Console/]: DOIMA Baeel : cmo se cocinan los animales
[10Dec2024 00:23:16.454] [Async Chat Thread - #15/INFO] [Console/]: DOIMA Baeel : wtf
[10Dec2024 00:23:18.804] [Async Chat Thread - #16/INFO] [Console/]: DOIMA Baeel : herobrine
[10Dec2024 00:24:03.002] [Async Chat Thread - #16/INFO] [Console/]: DOIMA Baeel : hayq cultivar
[10Dec2024 00:24:21.910] [Server thread/INFO] [net.minecraft.server.MinecraftServer/]: Baeel has made the advancement [Pic-A-Nic Basket?]
[10Dec2024 00:24:47.254] [Async Chat Thread - #17/INFO] [Console/]: DOIMA Baeel : me dejó a un cora
[10Dec2024 00:25:14.038] [Async Chat Thread - #16/INFO] [Console/]: DOIMA Baeel : pasa cuando comes carne podrida
[10Dec2024 00:26:21.835] [Async Chat Thread - #19/INFO] [Console/]: DOIMA Baeel : detodo menos aldea
[10Dec2024 00:27:39.675] [Async Chat Thread - #21/INFO] [Console/]: DOIMA Baeel : se necesita hierro
[10Dec2024 00:27:42.048] [Async Chat Thread - #20/INFO] [Console/]: DOIMA Baeel : caralho
[10Dec2024 00:29:00.285] [Async Chat Thread - #23/INFO] [Console/]: DOIMA ShirouFRG : qcarajoq t paso
[10Dec2024 00:29:02.552] [Async Chat Thread - #22/INFO] [Console/]: DOIMA ShirouFRG : estas a un cora
[10Dec2024 00:29:09.720] [Async Chat Thread - #23/INFO] [Console/]: DOIMA Baeel : el oso me deletio
[10Dec2024 00:30:00.646] [Server thread/ERROR] [STDERR/]: Initializing Legacy Material Support. Unless you have legacy plugins and/or data this is a bug!
[10Dec2024 00:30:02.681] [Server thread/WARN] [net.minecraft.server.MinecraftServer/]: Can't keep up! Is the server overloaded? Running 2026ms or 40 ticks behind
[10Dec2024 00:30:54.594] [Async Chat Thread - #25/INFO] [Console/]: DOIMA Baeel : qq
[10Dec2024 00:30:57.625] [Async Chat Thread - #25/INFO] [Console/]: DOIMA ShirouFRG : baja
[10Dec2024 00:31:00.405] [Async Chat Thread - #24/INFO] [Console/]: DOIMA ShirouFRG : a la cuev
